<?xml version="1.0" encoding="UTF-8"?>
<testng-results skipped="0" failed="0" total="2" passed="2">
  <reporter-output>
  </reporter-output>
  <suite name="Default suite" duration-ms="570" started-at="2015-07-16T01:02:54Z" finished-at="2015-07-16T01:02:55Z">
    <groups>
    </groups>
    <test name="Default test" duration-ms="570" started-at="2015-07-16T01:02:54Z" finished-at="2015-07-16T01:02:55Z">
      <class name="com.excel.xlsx.test.TestReadXLSXApi">
        <test-method status="PASS" signature="canOpenFile()[pri:0, instance:com.excel.xlsx.test.TestReadXLSXApi@75412c2f]" name="canOpenFile" is-config="true" duration-ms="546" started-at="2015-07-15T18:02:54Z" finished-at="2015-07-15T18:02:55Z">
          <reporter-output>
          </reporter-output>
        </test-method> <!-- canOpenFile -->
        <test-method status="PASS" signature="canOpenSheetwithName()[pri:0, instance:com.excel.xlsx.test.TestReadXLSXApi@75412c2f]" name="canOpenSheetwithName" duration-ms="6" started-at="2015-07-15T18:02:55Z" finished-at="2015-07-15T18:02:55Z">
          <reporter-output>
          </reporter-output>
        </test-method> <!-- canOpenSheetwithName -->
        <test-method status="PASS" signature="canOpenSheetwithIndex()[pri:0, instance:com.excel.xlsx.test.TestReadXLSXApi@75412c2f]" name="canOpenSheetwithIndex" duration-ms="0" started-at="2015-07-15T18:02:55Z" finished-at="2015-07-15T18:02:55Z">
          <reporter-output>
          </reporter-output>
        </test-method> <!-- canOpenSheetwithIndex -->
      </class> <!-- com.excel.xlsx.test.TestReadXLSXApi -->
    </test> <!-- Default test -->
  </suite> <!-- Default suite -->
</testng-results>
